<?xml version="1.0" encoding="UTF-8"?>
<!-- Generated by org.testng.reporters.JUnitReportReporter -->
<testsuite hostname="DESKTOP-4RVHQ5I" failures="0" tests="1" name="testclass.ActitimeCreateCustomer" time="68.573" errors="0" timestamp="2023-06-08T14:26:56 IST" skipped="0">
  <testcase classname="testclass.ActitimeCreateCustomer" name="createcustomer" time="68.573"/>
  <system-out/>
</testsuite> <!-- testclass.ActitimeCreateCustomer -->
