<?xml version="1.0" encoding="UTF-8"?>
<!-- Generated by org.testng.reporters.JUnitReportReporter -->
<testsuite hostname="DESKTOP-4RVHQ5I" failures="0" tests="1" name="testclass.ActitimeDeleteTypeOfWork" time="45.510" errors="0" timestamp="2023-06-08T14:29:36 IST" skipped="0">
  <testcase classname="testclass.ActitimeDeleteTypeOfWork" name="Actitimedeletetypeofwork" time="45.510"/>
  <system-out/>
</testsuite> <!-- testclass.ActitimeDeleteTypeOfWork -->
