<?xml version="1.0" encoding="UTF-8"?>
<!-- Generated by org.testng.reporters.JUnitReportReporter -->
<testsuite hostname="DESKTOP-4RVHQ5I" failures="0" tests="1" name="testclass.ActitimeLoginLogout" time="24.988" errors="0" timestamp="2023-06-07T09:46:02 IST" skipped="0">
  <testcase classname="testclass.ActitimeLoginLogout" name="loginlogout" time="24.988"/>
  <system-out/>
</testsuite> <!-- testclass.ActitimeLoginLogout -->
