<?xml version="1.0" encoding="UTF-8"?>
<!-- Generated by org.testng.reporters.JUnitReportReporter -->
<testsuite hostname="DESKTOP-4RVHQ5I" failures="0" tests="1" name="testclass.ActitimeLoginLogout" time="28.525" errors="0" timestamp="2023-06-08T14:35:50 IST" skipped="0">
  <testcase classname="testclass.ActitimeLoginLogout" name="loginlogout" time="28.525"/>
  <system-out/>
</testsuite> <!-- testclass.ActitimeLoginLogout -->
